<?xml version="1.0" encoding="UTF-8"?>
<!-- Generated by org.testng.reporters.JUnitReportReporter -->
<testsuite hostname="pradeep" name="com.qait.acs.tests.TestFirst" tests="2" failures="0" timestamp="18 Jul 2018 15:06:43 GMT" time="7.397" errors="0">
  <testcase name="Step01_Launch_Application" time="4.524" classname="com.qait.acs.tests.TestFirst"/>
  <testcase name="Step02_DemoTest" time="2.873" classname="com.qait.acs.tests.TestFirst"/>
</testsuite> <!-- com.qait.acs.tests.TestFirst -->
